<?xml version="1.0" encoding="UTF-8"?>
<testsuite name="RecipesApplicationTest" tests="1" skipped="0" failures="0" errors="0" timestamp="2022-01-14T22:50:04" hostname="kaliyas-PC" time="4.012">
  <properties/>
  <testcase name="start" classname="RecipesApplicationTest" time="4.012"/>
  <system-out><![CDATA[?[1;31m
Start test 1?[0m

  .   ____          _            __ _ _
 /\\ / ___'_ __ _ _(_)_ __  __ _ \ \ \ \
( ( )\___ | '_ | '_| | '_ \/ _` | \ \ \ \
 \\/  ___)| |_)| | | | | || (_| |  ) ) ) )
  '  |____| .__|_| |_|_| |_\__, | / / / /
 =========|_|==============|___/=/_/_/_/
 :: Spring Boot ::                (v2.5.6)

2022-01-15 01:50:05.235  INFO 28171 --- [    Test worker] recipes.RecipesApplication               : Starting RecipesApplication using Java 17.0.1 on kaliyas-PC with PID 28171 (started by kaliya in /home/kaliya/IdeaProjects/Recipes/Recipes/task)
2022-01-15 01:50:05.239  INFO 28171 --- [    Test worker] recipes.RecipesApplication               : No active profile set, falling back to default profiles: default
2022-01-15 01:50:06.869  INFO 28171 --- [    Test worker] o.s.b.w.embedded.tomcat.TomcatWebServer  : Tomcat initialized with port(s): 8080 (http)
2022-01-15 01:50:06.886  INFO 28171 --- [    Test worker] o.apache.catalina.core.StandardService   : Starting service [Tomcat]
2022-01-15 01:50:06.886  INFO 28171 --- [    Test worker] org.apache.catalina.core.StandardEngine  : Starting Servlet engine: [Apache Tomcat/9.0.54]
2022-01-15 01:50:06.985  INFO 28171 --- [    Test worker] o.a.c.c.C.[Tomcat].[localhost].[/]       : Initializing Spring embedded WebApplicationContext
2022-01-15 01:50:06.986  INFO 28171 --- [    Test worker] w.s.c.ServletWebServerApplicationContext : Root WebApplicationContext: initialization completed in 1681 ms
2022-01-15 01:50:07.759  INFO 28171 --- [    Test worker] o.s.b.a.e.web.EndpointLinksResolver      : Exposing 1 endpoint(s) beneath base path '/actuator'
2022-01-15 01:50:07.812  INFO 28171 --- [    Test worker] o.s.b.w.embedded.tomcat.TomcatWebServer  : Tomcat started on port(s): 8080 (http) with context path ''
2022-01-15 01:50:07.830  INFO 28171 --- [    Test worker] recipes.RecipesApplication               : Started RecipesApplication in 3.047 seconds (JVM running for 4.002)
2022-01-15 01:50:08.242  INFO 28171 --- [nio-8080-exec-1] o.a.c.c.C.[Tomcat].[localhost].[/]       : Initializing Spring DispatcherServlet 'dispatcherServlet'
2022-01-15 01:50:08.243  INFO 28171 --- [nio-8080-exec-1] o.s.web.servlet.DispatcherServlet        : Initializing Servlet 'dispatcherServlet'
2022-01-15 01:50:08.245  INFO 28171 --- [nio-8080-exec-1] o.s.web.servlet.DispatcherServlet        : Completed initialization in 2 ms
?[1;31m
Start test 2?[0m
?[1;31m
Start test 3?[0m
?[1;31m
Start test 4?[0m
?[1;31m
Start test 5?[0m
]]></system-out>
  <system-err><![CDATA[]]></system-err>
</testsuite>
