<?xml version="1.0" encoding="UTF-8"?>
<testsuite name="Tests" tests="1" skipped="0" failures="0" errors="0" timestamp="2021-12-22T17:48:05" hostname="kaliyas-PC" time="5.359">
  <properties/>
  <testcase name="start" classname="Tests" time="5.359"/>
  <system-out><![CDATA[?[1;31m
Start test 1?[0m

  .   ____          _            __ _ _
 /\\ / ___'_ __ _ _(_)_ __  __ _ \ \ \ \
( ( )\___ | '_ | '_| | '_ \/ _` | \ \ \ \
 \\/  ___)| |_)| | | | | || (_| |  ) ) ) )
  '  |____| .__|_| |_|_| |_\__, | / / / /
 =========|_|==============|___/=/_/_/_/
 :: Spring Boot ::        (v2.3.1.RELEASE)

2021-12-22 20:48:06.069  INFO 14189 --- [    Test worker] task.Main                                : Starting Main on kaliyas-PC with PID 14189 (started by kaliya in /home/kaliya/IdeaProjects/Recipes/Topics/Posting and deleting data via REST/Storing user names)
2021-12-22 20:48:06.075  INFO 14189 --- [    Test worker] task.Main                                : No active profile set, falling back to default profiles: default
2021-12-22 20:48:08.269  INFO 14189 --- [    Test worker] o.s.b.w.embedded.tomcat.TomcatWebServer  : Tomcat initialized with port(s): 28852 (http)
2021-12-22 20:48:08.298  INFO 14189 --- [    Test worker] o.apache.catalina.core.StandardService   : Starting service [Tomcat]
2021-12-22 20:48:08.299  INFO 14189 --- [    Test worker] org.apache.catalina.core.StandardEngine  : Starting Servlet engine: [Apache Tomcat/9.0.36]
2021-12-22 20:48:08.431  INFO 14189 --- [    Test worker] o.a.c.c.C.[Tomcat].[localhost].[/]       : Initializing Spring embedded WebApplicationContext
2021-12-22 20:48:08.431  INFO 14189 --- [    Test worker] w.s.c.ServletWebServerApplicationContext : Root WebApplicationContext: initialization completed in 2285 ms
2021-12-22 20:48:09.016  INFO 14189 --- [    Test worker] o.s.s.concurrent.ThreadPoolTaskExecutor  : Initializing ExecutorService 'applicationTaskExecutor'
2021-12-22 20:48:09.544  INFO 14189 --- [    Test worker] o.s.b.a.e.web.EndpointLinksResolver      : Exposing 14 endpoint(s) beneath base path '/actuator'
2021-12-22 20:48:09.619  INFO 14189 --- [    Test worker] o.s.b.w.embedded.tomcat.TomcatWebServer  : Tomcat started on port(s): 28852 (http) with context path ''
2021-12-22 20:48:09.642  INFO 14189 --- [    Test worker] task.Main                                : Started Main in 4.132 seconds (JVM running for 5.228)
2021-12-22 20:48:10.285  INFO 14189 --- [io-28852-exec-1] o.a.c.c.C.[Tomcat].[localhost].[/]       : Initializing Spring DispatcherServlet 'dispatcherServlet'
2021-12-22 20:48:10.287  INFO 14189 --- [io-28852-exec-1] o.s.web.servlet.DispatcherServlet        : Initializing Servlet 'dispatcherServlet'
2021-12-22 20:48:10.304  INFO 14189 --- [io-28852-exec-1] o.s.web.servlet.DispatcherServlet        : Completed initialization in 15 ms
?[1;31m
Start test 2?[0m
?[1;31m
Start test 3?[0m
?[1;31m
Start test 4?[0m
?[1;31m
Start test 5?[0m
?[1;31m
Start test 6?[0m
?[1;31m
Start test 7?[0m
]]></system-out>
  <system-err><![CDATA[]]></system-err>
</testsuite>
