<?xml version="1.0" encoding="UTF-8"?>
<testsuite name="WebCalculatorApplicationTest" tests="1" skipped="0" failures="0" errors="0" timestamp="2021-12-22T16:13:37" hostname="kaliyas-PC" time="3.376">
  <properties/>
  <testcase name="start" classname="WebCalculatorApplicationTest" time="3.376"/>
  <system-out><![CDATA[?[1;31m
Start test 1?[0m

  .   ____          _            __ _ _
 /\\ / ___'_ __ _ _(_)_ __  __ _ \ \ \ \
( ( )\___ | '_ | '_| | '_ \/ _` | \ \ \ \
 \\/  ___)| |_)| | | | | || (_| |  ) ) ) )
  '  |____| .__|_| |_|_| |_\__, | / / / /
 =========|_|==============|___/=/_/_/_/
 :: Spring Boot ::        (v2.3.1.RELEASE)

2021-12-22 19:13:38.139  INFO 9713 --- [    Test worker] calculator.WebCalculatorApplication      : Starting WebCalculatorApplication on kaliyas-PC with PID 9713 (started by kaliya in /home/kaliya/IdeaProjects/Recipes/Topics/Posting and deleting data via REST/Web calculator)
2021-12-22 19:13:38.143  INFO 9713 --- [    Test worker] calculator.WebCalculatorApplication      : No active profile set, falling back to default profiles: default
2021-12-22 19:13:39.554  INFO 9713 --- [    Test worker] o.s.b.w.embedded.tomcat.TomcatWebServer  : Tomcat initialized with port(s): 8889 (http)
2021-12-22 19:13:39.579  INFO 9713 --- [    Test worker] o.apache.catalina.core.StandardService   : Starting service [Tomcat]
2021-12-22 19:13:39.580  INFO 9713 --- [    Test worker] org.apache.catalina.core.StandardEngine  : Starting Servlet engine: [Apache Tomcat/9.0.36]
2021-12-22 19:13:39.671  INFO 9713 --- [    Test worker] o.a.c.c.C.[Tomcat].[localhost].[/]       : Initializing Spring embedded WebApplicationContext
2021-12-22 19:13:39.672  INFO 9713 --- [    Test worker] w.s.c.ServletWebServerApplicationContext : Root WebApplicationContext: initialization completed in 1485 ms
2021-12-22 19:13:39.939  INFO 9713 --- [    Test worker] o.s.s.concurrent.ThreadPoolTaskExecutor  : Initializing ExecutorService 'applicationTaskExecutor'
2021-12-22 19:13:40.223  INFO 9713 --- [    Test worker] o.s.b.a.e.web.EndpointLinksResolver      : Exposing 14 endpoint(s) beneath base path '/actuator'
2021-12-22 19:13:40.270  INFO 9713 --- [    Test worker] o.s.b.w.embedded.tomcat.TomcatWebServer  : Tomcat started on port(s): 8889 (http) with context path ''
2021-12-22 19:13:40.284  INFO 9713 --- [    Test worker] calculator.WebCalculatorApplication      : Started WebCalculatorApplication in 2.553 seconds (JVM running for 3.391)
2021-12-22 19:13:40.647  INFO 9713 --- [nio-8889-exec-1] o.a.c.c.C.[Tomcat].[localhost].[/]       : Initializing Spring DispatcherServlet 'dispatcherServlet'
2021-12-22 19:13:40.649  INFO 9713 --- [nio-8889-exec-1] o.s.web.servlet.DispatcherServlet        : Initializing Servlet 'dispatcherServlet'
2021-12-22 19:13:40.657  INFO 9713 --- [nio-8889-exec-1] o.s.web.servlet.DispatcherServlet        : Completed initialization in 7 ms
?[1;31m
Start test 2?[0m
?[1;31m
Start test 3?[0m
?[1;31m
Start test 4?[0m
]]></system-out>
  <system-err><![CDATA[]]></system-err>
</testsuite>
